{
  "stats": {
    "suites": 1,
    "tests": 1,
    "passes": 0,
    "pending": 0,
    "failures": 1,
    "start": "2025-09-01T08:15:48.297Z",
    "end": "2025-09-01T08:15:57.811Z",
    "duration": 9514,
    "testsRegistered": 1,
    "passPercent": 0,
    "pendingPercent": 0,
    "other": 0,
    "hasOther": false,
    "skipped": 0,
    "hasSkipped": false
  },
  "results": [
    {
      "uuid": "42cea09c-7548-4c75-9f9f-085bf9b4387f",
      "title": "",
      "fullFile": "cypress\\e2e\\firstTest.spec.js",
      "file": "cypress\\e2e\\firstTest.spec.js",
      "beforeHooks": [],
      "afterHooks": [],
      "tests": [],
      "suites": [
        {
          "uuid": "b3e15b85-1e65-433c-a6fd-a36e17a542c8",
          "title": "First test suite",
          "fullFile": "",
          "file": "",
          "beforeHooks": [],
          "afterHooks": [],
          "tests": [
            {
              "title": "Date Picker",
              "fullTitle": "First test suite Date Picker",
              "timedOut": null,
              "duration": 9348,
              "state": "failed",
              "speed": null,
              "pass": false,
              "fail": true,
              "pending": false,
              "context": "{\n  \"title\": \"cypress-mochawesome-reporter-videos-failed\",\n  \"value\": \"cypress\\\\e2e\\\\firstTest.spec.js\"\n}",
              "code": "cy.visit(\"/\");\ncy.contains(\"Forms\").click();\ncy.contains(\"Datepicker\").click();\ncy.contains(\"nb-card\", \"Common Datepicker\").find(\"input\").then(Input => {\n  cy.wrap(Input).click();\n  cy.get(\".day-cell\").not(\".bounding-month\").contains(\"21\").click();\n  cy.wrap(Input).invoke(\"prop\", \"value\").should(\"contain\", \"Aug 21, 2025\");\n  // different faceons de faire assertion\n  cy.wrap(Input).should(\"have.value\", \"Aug 21, 2025\");\n});\n//console.log(date);",
              "err": {
                "message": "AssertionError: Timed out retrying after 4000ms: expected 'Sep 21, 2025' to include 'Aug 21, 2025'",
                "estack": "AssertionError: Timed out retrying after 4000ms: expected 'Sep 21, 2025' to include 'Aug 21, 2025'\n    at Context.eval (webpack://ngx-admin/./cypress/e2e/firstTest.spec.js:177:11)\n    at getRet (http://localhost:4200/__cypress/runner/cypress_runner.js:120949:20)\n    at tryCatcher (http://localhost:4200/__cypress/runner/cypress_runner.js:1777:23)\n    at Promise.attempt.Promise.try (http://localhost:4200/__cypress/runner/cypress_runner.js:4285:29)\n    at Context.thenFn (http://localhost:4200/__cypress/runner/cypress_runner.js:120960:66)\n    at Context.then (http://localhost:4200/__cypress/runner/cypress_runner.js:121211:21)\n    at wrapped (http://localhost:4200/__cypress/runner/cypress_runner.js:141532:19)",
                "diff": null
              },
              "uuid": "cf49ff86-8f02-4624-a2f2-256ddbb907b3",
              "parentUUID": "b3e15b85-1e65-433c-a6fd-a36e17a542c8",
              "isHook": false,
              "skipped": false
            }
          ],
          "suites": [],
          "passes": [],
          "failures": [
            "cf49ff86-8f02-4624-a2f2-256ddbb907b3"
          ],
          "pending": [],
          "skipped": [],
          "duration": 9348,
          "root": false,
          "rootEmpty": false,
          "_timeout": 2000
        }
      ],
      "passes": [],
      "failures": [],
      "pending": [],
      "skipped": [],
      "duration": 0,
      "root": true,
      "rootEmpty": true,
      "_timeout": 2000
    }
  ],
  "meta": {
    "mocha": {
      "version": "7.2.0"
    },
    "mochawesome": {
      "options": {
        "quiet": false,
        "reportFilename": "mochawesome",
        "saveHtml": false,
        "saveJson": true,
        "consoleReporter": "spec",
        "useInlineDiffs": false,
        "code": true
      },
      "version": "7.1.3"
    },
    "marge": {
      "options": {
        "reportDir": "cypress\\report\\.jsons",
        "charts": true,
        "reportPageTitle": "custom-title",
        "embeddedScreenshots": true,
        "overwrite": false,
        "html": false,
        "json": true
      },
      "version": "6.2.0"
    }
  }
}